<?xml version="1.0" encoding="UTF-8"?>
<!-- Generated by org.testng.reporters.JUnitReportReporter -->
<testsuite hostname="GGNWMON9NL2N62" failures="0" tests="2" name="Sample.TestParameter" time="0.011" errors="0" timestamp="2021-08-25T23:20:11 IST" skipped="0">
  <testcase classname="Sample.TestParameter" name="testcasetwo" time="0.001"/>
  <system-out/>
  <testcase classname="Sample.TestParameter" name="testcaseone" time="0.010"/>
  <system-out/>
</testsuite> <!-- Sample.TestParameter -->
