<?xml version="1.0" encoding="UTF-8"?>
<!-- Generated by org.testng.reporters.JUnitReportReporter -->
<testsuite hostname="GGNWMON9NL2N62" failures="0" tests="4" name="Sample.Multitestdependency" time="0.019" errors="0" timestamp="2021-08-25T15:02:18 IST" skipped="0">
  <testcase classname="Sample.Multitestdependency" name="process" time="0.002"/>
  <system-out/>
  <testcase classname="Sample.Multitestdependency" name="stop" time="0.001"/>
  <system-out/>
  <testcase classname="Sample.Multitestdependency" name="init" time="0.003"/>
  <system-out/>
  <testcase classname="Sample.Multitestdependency" name="start" time="0.013"/>
  <system-out/>
</testsuite> <!-- Sample.Multitestdependency -->
