<?xml version="1.0" encoding="UTF-8"?>
<!-- Generated by org.testng.reporters.JUnitReportReporter -->
<testsuite hostname="GGNWMON9NL2N62" failures="0" tests="2" name="Sample1.TestParameter" time="0.013" errors="0" timestamp="2021-09-01T12:56:54 IST" skipped="0">
  <testcase classname="Sample1.TestParameter" name="testcasetwo" time="0.003"/>
  <system-out/>
  <testcase classname="Sample1.TestParameter" name="testcaseone" time="0.010"/>
  <system-out/>
</testsuite> <!-- Sample1.TestParameter -->
