<?xml version="1.0" encoding="UTF-8"?>
<!-- Generated by org.testng.reporters.JUnitReportReporter -->
<testsuite hostname="GGNWMON9NL2N62" failures="0" tests="1" name="Sample.inheritance" time="0.011" errors="0" timestamp="2021-08-06T13:28:39 IST" skipped="0">
  <testcase classname="Sample.inheritance" name="firsttestcase" time="0.011"/>
  <system-out/>
</testsuite> <!-- Sample.inheritance -->
