<?xml version="1.0" encoding="UTF-8"?>
<!-- Generated by org.testng.reporters.JUnitReportReporter -->
<testsuite hostname="DESKTOP-CNEQNG9" failures="0" tests="2" name="Package.FacebookProfilecheck" time="0.010" errors="0" timestamp="2021-08-03T16:39:08 IST" skipped="0">
  <testcase classname="Package.FacebookProfilecheck" name="Profileunchek" time="0.002"/>
  <system-out/>
  <testcase classname="Package.FacebookProfilecheck" name="Profilecheck" time="0.008"/>
  <system-out/>
</testsuite> <!-- Package.FacebookProfilecheck -->
