<?xml version="1.0" encoding="UTF-8"?>
<!-- Generated by org.testng.reporters.JUnitReportReporter -->
<testsuite hostname="DESKTOP-CNEQNG9" failures="0" tests="2" name="Package.FacebookLogin" time="0.009" errors="0" timestamp="2021-08-05T11:21:59 IST" skipped="2">
  <testcase classname="Package.FacebookLogin" name="UnableToLogin" time="0.009">
    <skipped/>
  </testcase> <!-- UnableToLogin -->
  <system-out/>
  <testcase classname="Package.FacebookLogin" name="Facebooklogin">
    <skipped/>
  </testcase> <!-- Facebooklogin -->
  <system-out/>
</testsuite> <!-- Package.FacebookLogin -->
